0 info it worked if it ends with ok
1 verbose cli [ '/Users/mcamara/.nvm/versions/node/v6.3.1/bin/node',
1 verbose cli   '/Users/mcamara/.nvm/versions/node/v6.3.1/bin/npm',
1 verbose cli   'run',
1 verbose cli   'lint',
1 verbose cli   '--',
1 verbose cli   '--fix' ]
2 info using npm@3.10.3
3 info using node@v6.3.1
4 verbose run-script [ 'prelint', 'lint', 'postlint' ]
5 info lifecycle complete-intro-to-react@1.0.0~prelint: complete-intro-to-react@1.0.0
6 silly lifecycle complete-intro-to-react@1.0.0~prelint: no script for prelint, continuing
7 info lifecycle complete-intro-to-react@1.0.0~lint: complete-intro-to-react@1.0.0
8 verbose lifecycle complete-intro-to-react@1.0.0~lint: unsafe-perm in lifecycle true
9 verbose lifecycle complete-intro-to-react@1.0.0~lint: PATH: /Users/mcamara/.nvm/versions/node/v6.3.1/lib/node_modules/npm/bin/node-gyp-bin:/Users/mcamara/Documents/Development/Experimenten/javascript_workspace/complete-intro-to-react/node_modules/.bin:/Users/mcamara/.nvm/versions/node/v6.3.1/bin:/Users/mcamara/.nvm/versions/node/v6.3.1/bin:/usr/bin:/bin:/usr/sbin:/sbin:/usr/local/bin:/usr/local/git/bin:/usr/local/go/bin:/Users/mcamara/Documents/Development/gradle-3.2.1/bin:/usr/local/mysql-5.5.34-osx10.6-x86_64/bin:/usr/local/sbin//Users/mcamara/IdeaProjects/go_workspace/GoConcurrentProgramming//bin:/usr/bin:/bin:/usr/sbin:/sbin:/usr/local/bin:/usr/local/git/bin:/usr/local/go/bin:/Users/mcamara/Documents/Development/gradle-3.2.1/bin:/usr/local/mysql-5.5.34-osx10.6-x86_64/bin:/usr/local/sbin
10 verbose lifecycle complete-intro-to-react@1.0.0~lint: CWD: /Users/mcamara/Documents/Development/Experimenten/javascript_workspace/complete-intro-to-react
11 silly lifecycle complete-intro-to-react@1.0.0~lint: Args: [ '-c', 'eslint js/**/*.js "--fix"' ]
12 silly lifecycle complete-intro-to-react@1.0.0~lint: Returned: code: 1  signal: null
13 info lifecycle complete-intro-to-react@1.0.0~lint: Failed to exec lint script
14 verbose stack Error: complete-intro-to-react@1.0.0 lint: `eslint js/**/*.js "--fix"`
14 verbose stack Exit status 1
14 verbose stack     at EventEmitter.<anonymous> (/Users/mcamara/.nvm/versions/node/v6.3.1/lib/node_modules/npm/lib/utils/lifecycle.js:242:16)
14 verbose stack     at emitTwo (events.js:106:13)
14 verbose stack     at EventEmitter.emit (events.js:191:7)
14 verbose stack     at ChildProcess.<anonymous> (/Users/mcamara/.nvm/versions/node/v6.3.1/lib/node_modules/npm/lib/utils/spawn.js:40:14)
14 verbose stack     at emitTwo (events.js:106:13)
14 verbose stack     at ChildProcess.emit (events.js:191:7)
14 verbose stack     at maybeClose (internal/child_process.js:852:16)
14 verbose stack     at Process.ChildProcess._handle.onexit (internal/child_process.js:215:5)
15 verbose pkgid complete-intro-to-react@1.0.0
16 verbose cwd /Users/mcamara/Documents/Development/Experimenten/javascript_workspace/complete-intro-to-react
17 error Darwin 15.5.0
18 error argv "/Users/mcamara/.nvm/versions/node/v6.3.1/bin/node" "/Users/mcamara/.nvm/versions/node/v6.3.1/bin/npm" "run" "lint" "--" "--fix"
19 error node v6.3.1
20 error npm  v3.10.3
21 error code ELIFECYCLE
22 error complete-intro-to-react@1.0.0 lint: `eslint js/**/*.js "--fix"`
22 error Exit status 1
23 error Failed at the complete-intro-to-react@1.0.0 lint script 'eslint js/**/*.js "--fix"'.
23 error Make sure you have the latest version of node.js and npm installed.
23 error If you do, this is most likely a problem with the complete-intro-to-react package,
23 error not with npm itself.
23 error Tell the author that this fails on your system:
23 error     eslint js/**/*.js "--fix"
23 error You can get information on how to open an issue for this project with:
23 error     npm bugs complete-intro-to-react
23 error Or if that isn't available, you can get their info via:
23 error     npm owner ls complete-intro-to-react
23 error There is likely additional logging output above.
24 verbose exit [ 1, true ]
